TN:
SF:C:/Users/bnarasim/Desktop/NarsiPOC/challenge 1/frontend/empapp/src/polyfills.ts
FNF:0
FNH:0
DA:46,1
DA:60,1
LF:2
LH:2
BRF:0
BRH:0
end_of_record
TN:
SF:C:/Users/bnarasim/Desktop/NarsiPOC/challenge 1/frontend/empapp/src/test.ts
FN:20,(anonymous_0)
FNF:1
FNH:1
FNDA:1,(anonymous_0)
DA:3,1
DA:4,1
DA:5,1
DA:6,1
DA:7,1
DA:8,1
DA:9,1
DA:10,1
DA:20,1
DA:23,1
DA:28,1
DA:30,1
DA:32,1
LF:13
LH:13
BRF:0
BRH:0
end_of_record
TN:
SF:C:/Users/bnarasim/Desktop/NarsiPOC/challenge 1/frontend/empapp/src/app/app.component.ts
FN:12,(anonymous_1)
FN:4,AppComponent
FNF:2
FNH:2
FNDA:1,(anonymous_1)
FNDA:2,AppComponent
DA:1,1
DA:2,1
DA:12,1
DA:13,2
DA:14,1
LF:5
LH:5
BRF:0
BRH:0
end_of_record
